# JRE version: Java(TM) SE Runtime Environment (8.0_05-b13) (build 1.8.0_05-b13)
# Java VM: Java HotSpot(TM) 64-Bit Server VM (25.5-b02 mixed mode linux-amd64 compressed oops)
Heap:
 PSYoungGen      total 69120K, used 13132K [0x00000000fab00000, 0x0000000100000000, 0x0000000100000000)
  eden space 51712K, 13% used [0x00000000fab00000,0x00000000fb1bd818,0x00000000fdd80000)
  from space 17408K, 35% used [0x00000000fdd80000,0x00000000fe395890,0x00000000fee80000)
  to   space 16896K, 0% used [0x00000000fef80000,0x00000000fef80000,0x0000000100000000)
 ParOldGen       total 175104K, used 51278K [0x00000000f0000000, 0x00000000fab00000, 0x00000000fab00000)
  object space 175104K, 29% used [0x00000000f0000000,0x00000000f32139e8,0x00000000fab00000)
 Metaspace       used 47615K, capacity 52352K, committed 52480K, reserved 1093632K
  class space    used 6077K, capacity 7557K, committed 7680K, reserved 1048576K
GC Heap History (10 events):
Event: 7,851 GC heap before
{Heap before GC invocations=13 (full 2):
 PSYoungGen      total 69120K, used 57939K [0x00000000fab00000, 0x0000000100000000, 0x0000000100000000)
  eden space 51200K, 100% used [0x00000000fab00000,0x00000000fdd00000,0x00000000fdd00000)
  from space 17920K, 37% used [0x00000000fee80000,0x00000000ff514fb8,0x0000000100000000)
  to   space 17920K, 0% used [0x00000000fdd00000,0x00000000fdd00000,0x00000000fee80000)
 ParOldGen       total 175104K, used 21042K [0x00000000f0000000, 0x00000000fab00000, 0x00000000fab00000)
  object space 175104K, 12% used [0x00000000f0000000,0x00000000f148c9c8,0x00000000fab00000)
 Metaspace       used 40382K, capacity 44426K, committed 44672K, reserved 1087488K
  class space    used 5074K, capacity 6226K, committed 6272K, reserved 1048576K
Event: 7,913 GC heap after
Heap after GC invocations=13 (full 2):
 PSYoungGen      total 69120K, used 7225K [0x00000000fab00000, 0x0000000100000000, 0x0000000100000000)
  eden space 51200K, 0% used [0x00000000fab00000,0x00000000fab00000,0x00000000fdd00000)
  from space 17920K, 40% used [0x00000000fdd00000,0x00000000fe40e7b8,0x00000000fee80000)
  to   space 17408K, 0% used [0x00000000fef00000,0x00000000fef00000,0x0000000100000000)
 ParOldGen       total 175104K, used 33701K [0x00000000f0000000, 0x00000000fab00000, 0x00000000fab00000)
  object space 175104K, 19% used [0x00000000f0000000,0x00000000f20e94a8,0x00000000fab00000)
 Metaspace       used 40382K, capacity 44426K, committed 44672K, reserved 1087488K
  class space    used 5074K, capacity 6226K, committed 6272K, reserved 1048576K
}
Event: 8,432 GC heap before
{Heap before GC invocations=14 (full 2):
 PSYoungGen      total 69120K, used 58425K [0x00000000fab00000, 0x0000000100000000, 0x0000000100000000)
  eden space 51200K, 100% used [0x00000000fab00000,0x00000000fdd00000,0x00000000fdd00000)
  from space 17920K, 40% used [0x00000000fdd00000,0x00000000fe40e7b8,0x00000000fee80000)
  to   space 17408K, 0% used [0x00000000fef00000,0x00000000fef00000,0x0000000100000000)
 ParOldGen       total 175104K, used 33701K [0x00000000f0000000, 0x00000000fab00000, 0x00000000fab00000)
  object space 175104K, 19% used [0x00000000f0000000,0x00000000f20e94a8,0x00000000fab00000)
 Metaspace       used 42296K, capacity 46828K, committed 46976K, reserved 1089536K
  class space    used 5405K, capacity 6717K, committed 6784K, reserved 1048576K
Event: 8,449 GC heap after
Heap after GC invocations=14 (full 2):
 PSYoungGen      total 68608K, used 3726K [0x00000000fab00000, 0x0000000100000000, 0x0000000100000000)
  eden space 51200K, 0% used [0x00000000fab00000,0x00000000fab00000,0x00000000fdd00000)
  from space 17408K, 21% used [0x00000000fef00000,0x00000000ff2a3b58,0x0000000100000000)
  to   space 17920K, 0% used [0x00000000fdd00000,0x00000000fdd00000,0x00000000fee80000)
 ParOldGen       total 175104K, used 45130K [0x00000000f0000000, 0x00000000fab00000, 0x00000000fab00000)
  object space 175104K, 25% used [0x00000000f0000000,0x00000000f2c12bd0,0x00000000fab00000)
 Metaspace       used 42296K, capacity 46828K, committed 46976K, reserved 1089536K
  class space    used 5405K, capacity 6717K, committed 6784K, reserved 1048576K
}
Event: 22,939 GC heap before
{Heap before GC invocations=15 (full 2):
 PSYoungGen      total 68608K, used 54552K [0x00000000fab00000, 0x0000000100000000, 0x0000000100000000)
  eden space 51200K, 99% used [0x00000000fab00000,0x00000000fdca2738,0x00000000fdd00000)
  from space 17408K, 21% used [0x00000000fef00000,0x00000000ff2a3b58,0x0000000100000000)
  to   space 17920K, 0% used [0x00000000fdd00000,0x00000000fdd00000,0x00000000fee80000)
 ParOldGen       total 175104K, used 45130K [0x00000000f0000000, 0x00000000fab00000, 0x00000000fab00000)
  object space 175104K, 25% used [0x00000000f0000000,0x00000000f2c12bd0,0x00000000fab00000)
 Metaspace       used 45837K, capacity 50250K, committed 50560K, reserved 1093632K
  class space    used 5893K, capacity 7221K, committed 7296K, reserved 1048576K
Event: 22,946 GC heap after
Heap after GC invocations=15 (full 2):
 PSYoungGen      total 69120K, used 4045K [0x00000000fab00000, 0x0000000100000000, 0x0000000100000000)
  eden space 51200K, 0% used [0x00000000fab00000,0x00000000fab00000,0x00000000fdd00000)
  from space 17920K, 22% used [0x00000000fdd00000,0x00000000fe0f3690,0x00000000fee80000)
  to   space 17920K, 0% used [0x00000000fee80000,0x00000000fee80000,0x0000000100000000)
 ParOldGen       total 175104K, used 48099K [0x00000000f0000000, 0x00000000fab00000, 0x00000000fab00000)
  object space 175104K, 27% used [0x00000000f0000000,0x00000000f2ef8dd8,0x00000000fab00000)
 Metaspace       used 45837K, capacity 50250K, committed 50560K, reserved 1093632K
  class space    used 5893K, capacity 7221K, committed 7296K, reserved 1048576K
}
Event: 31,469 GC heap before
{Heap before GC invocations=16 (full 2):
 PSYoungGen      total 69120K, used 55245K [0x00000000fab00000, 0x0000000100000000, 0x0000000100000000)
  eden space 51200K, 100% used [0x00000000fab00000,0x00000000fdd00000,0x00000000fdd00000)
  from space 17920K, 22% used [0x00000000fdd00000,0x00000000fe0f3690,0x00000000fee80000)
  to   space 17920K, 0% used [0x00000000fee80000,0x00000000fee80000,0x0000000100000000)
 ParOldGen       total 175104K, used 48099K [0x00000000f0000000, 0x00000000fab00000, 0x00000000fab00000)
  object space 175104K, 27% used [0x00000000f0000000,0x00000000f2ef8dd8,0x00000000fab00000)
 Metaspace       used 45886K, capacity 50262K, committed 50560K, reserved 1093632K
  class space    used 5898K, capacity 7223K, committed 7296K, reserved 1048576K
Event: 31,476 GC heap after
Heap after GC invocations=16 (full 2):
 PSYoungGen      total 69632K, used 6760K [0x00000000fab00000, 0x0000000100000000, 0x0000000100000000)
  eden space 51712K, 0% used [0x00000000fab00000,0x00000000fab00000,0x00000000fdd80000)
  from space 17920K, 37% used [0x00000000fee80000,0x00000000ff51a2d0,0x0000000100000000)
  to   space 17408K, 0% used [0x00000000fdd80000,0x00000000fdd80000,0x00000000fee80000)
 ParOldGen       total 175104K, used 51270K [0x00000000f0000000, 0x00000000fab00000, 0x00000000fab00000)
  object space 175104K, 29% used [0x00000000f0000000,0x00000000f32119e8,0x00000000fab00000)
 Metaspace       used 45886K, capacity 50262K, committed 50560K, reserved 1093632K
  class space    used 5898K, capacity 7223K, committed 7296K, reserved 1048576K
}
Event: 119,741 GC heap before
{Heap before GC invocations=17 (full 2):
 PSYoungGen      total 69632K, used 58472K [0x00000000fab00000, 0x0000000100000000, 0x0000000100000000)
  eden space 51712K, 100% used [0x00000000fab00000,0x00000000fdd80000,0x00000000fdd80000)
  from space 17920K, 37% used [0x00000000fee80000,0x00000000ff51a2d0,0x0000000100000000)
  to   space 17408K, 0% used [0x00000000fdd80000,0x00000000fdd80000,0x00000000fee80000)
 ParOldGen       total 175104K, used 51270K [0x00000000f0000000, 0x00000000fab00000, 0x00000000fab00000)
  object space 175104K, 29% used [0x00000000f0000000,0x00000000f32119e8,0x00000000fab00000)
 Metaspace       used 47428K, capacity 52056K, committed 52096K, reserved 1093632K
  class space    used 6051K, capacity 7521K, committed 7552K, reserved 1048576K
Event: 119,749 GC heap after
Heap after GC invocations=17 (full 2):
 PSYoungGen      total 69120K, used 6230K [0x00000000fab00000, 0x0000000100000000, 0x0000000100000000)
  eden space 51712K, 0% used [0x00000000fab00000,0x00000000fab00000,0x00000000fdd80000)
  from space 17408K, 35% used [0x00000000fdd80000,0x00000000fe395890,0x00000000fee80000)
  to   space 16896K, 0% used [0x00000000fef80000,0x00000000fef80000,0x0000000100000000)
 ParOldGen       total 175104K, used 51278K [0x00000000f0000000, 0x00000000fab00000, 0x00000000fab00000)
  object space 175104K, 29% used [0x00000000f0000000,0x00000000f32139e8,0x00000000fab00000)
 Metaspace       used 47428K, capacity 52056K, committed 52096K, reserved 1093632K
  class space    used 6051K, capacity 7521K, committed 7552K, reserved 1048576K
}

